<?xml version="1.0" encoding="UTF-8"?>
<testng-results skipped="0" failed="0" ignored="0" total="1" passed="1">
  <reporter-output>
  </reporter-output>
  <suite name="Default suite" duration-ms="20615" started-at="2018-08-20T19:27:45Z" finished-at="2018-08-20T19:28:06Z">
    <groups>
    </groups>
    <test name="Default test" duration-ms="20615" started-at="2018-08-20T19:27:45Z" finished-at="2018-08-20T19:28:06Z">
      <class name="APPRRegression.TC007_SearchFormDocument">
        <test-method status="PASS" signature="report()[pri:0, instance:APPRRegression.TC007_SearchFormDocument@5e3a8624]" name="report" is-config="true" duration-ms="99" started-at="2018-08-20T15:27:45Z" finished-at="2018-08-20T15:27:45Z">
          <reporter-output>
          </reporter-output>
        </test-method> <!-- report -->
        <test-method status="PASS" signature="setup()[pri:0, instance:APPRRegression.TC007_SearchFormDocument@5e3a8624]" name="setup" is-config="true" duration-ms="2054" started-at="2018-08-20T15:27:45Z" finished-at="2018-08-20T15:27:47Z">
          <reporter-output>
          </reporter-output>
        </test-method> <!-- setup -->
        <test-method status="PASS" signature="verifySearchFormDocument()[pri:0, instance:APPRRegression.TC007_SearchFormDocument@5e3a8624]" name="verifySearchFormDocument" duration-ms="17739" started-at="2018-08-20T15:27:47Z" finished-at="2018-08-20T15:28:05Z">
          <reporter-output>
          </reporter-output>
        </test-method> <!-- verifySearchFormDocument -->
        <test-method status="PASS" signature="endTest()[pri:0, instance:APPRRegression.TC007_SearchFormDocument@5e3a8624]" name="endTest" is-config="true" duration-ms="710" started-at="2018-08-20T15:28:05Z" finished-at="2018-08-20T15:28:06Z">
          <reporter-output>
          </reporter-output>
        </test-method> <!-- endTest -->
      </class> <!-- APPRRegression.TC007_SearchFormDocument -->
    </test> <!-- Default test -->
  </suite> <!-- Default suite -->
</testng-results>
