<?xml version="1.0" encoding="UTF-8"?>
<!-- Generated by org.testng.reporters.JUnitXMLReporter -->
<testsuite hostname="ON34C02691712" ignored="6" name="TestLogin" tests="7" failures="0" timestamp="09 Aug 2018 18:47:01 GMT" time="273.022" errors="0">
  <testcase name="verifyLoginWithValidCredentials" time="35.443" classname="GAGERegression.TC0002_MyAccountSponsorPIN"/>
  <testcase name="verifyLoginWithValidCredentials" time="37.224" classname="GAGERegression.TC0004_VerifyRegistration"/>
  <testcase name="verifyLoginWithValidCredentials" time="38.75" classname="GAGERegression.TC0005_GrantsAndBonuses"/>
  <testcase name="verifyLoginWithValidCredentials" time="28.162" classname="GAGERegression.TC0006_MessageCentre"/>
  <testcase name="verifyLoginWithValidCredentials" time="36.485" classname="GAGERegression.TC0007_SponsorInfo"/>
  <testcase name="verifyLoginWithValidCredentials" time="43.608" classname="GAGERegression.TC0008_EditMailingAddress"/>
  <testcase name="verifyLoginWithValidCredentials" time="36.668" classname="GAGERegression.TC0009_EditBankInfo"/>
  <testcase name="@BeforeTest report" time="0.0" classname="testbase.testbaseforproject">
    <ignored/>
  </testcase> <!-- @BeforeTest report -->
  <testcase name="@BeforeTest report" time="0.0" classname="testbase.testbaseforproject">
    <ignored/>
  </testcase> <!-- @BeforeTest report -->
  <testcase name="@BeforeTest report" time="0.0" classname="testbase.testbaseforproject">
    <ignored/>
  </testcase> <!-- @BeforeTest report -->
  <testcase name="@BeforeTest report" time="0.0" classname="testbase.testbaseforproject">
    <ignored/>
  </testcase> <!-- @BeforeTest report -->
  <testcase name="@BeforeTest report" time="0.0" classname="testbase.testbaseforproject">
    <ignored/>
  </testcase> <!-- @BeforeTest report -->
  <testcase name="@BeforeTest report" time="0.0" classname="testbase.testbaseforproject">
    <ignored/>
  </testcase> <!-- @BeforeTest report -->
</testsuite> <!-- TestLogin -->
