<?xml version="1.0" encoding="UTF-8"?>
<!-- Generated by org.testng.reporters.JUnitXMLReporter -->
<testsuite hostname="ON34C02691712" ignored="6" name="TestLogin" tests="7" failures="0" timestamp="16 Aug 2018 19:55:38 GMT" time="288.851" errors="0">
  <testcase name="verifyLoginWithValidCredentials" time="89.77" classname="GAGERegression.TC0002_MyAccountSponsorPIN"/>
  <testcase name="verifyLoginWithValidCredentials" time="21.789" classname="GAGERegression.TC0004_VerifyRegistration"/>
  <testcase name="verifyLoginWithValidCredentials" time="18.31" classname="GAGERegression.TC0005_GrantsAndBonuses"/>
  <testcase name="verifyLoginWithValidCredentials" time="27.571" classname="GAGERegression.TC0006_MessageCentre"/>
  <testcase name="verifyLoginWithValidCredentials" time="36.805" classname="GAGERegression.TC0007_SponsorInfo"/>
  <testcase name="verifyLoginWithValidCredentials" time="42.635" classname="GAGERegression.TC0008_EditMailingAddress"/>
  <testcase name="verifyLoginWithValidCredentials" time="37.048" classname="GAGERegression.TC0009_EditBankInfo"/>
  <testcase name="@BeforeTest report" time="0.0" classname="testbase.testbaseforproject">
    <ignored/>
  </testcase> <!-- @BeforeTest report -->
  <testcase name="@BeforeTest report" time="0.0" classname="testbase.testbaseforproject">
    <ignored/>
  </testcase> <!-- @BeforeTest report -->
  <testcase name="@BeforeTest report" time="0.0" classname="testbase.testbaseforproject">
    <ignored/>
  </testcase> <!-- @BeforeTest report -->
  <testcase name="@BeforeTest report" time="0.0" classname="testbase.testbaseforproject">
    <ignored/>
  </testcase> <!-- @BeforeTest report -->
  <testcase name="@BeforeTest report" time="0.0" classname="testbase.testbaseforproject">
    <ignored/>
  </testcase> <!-- @BeforeTest report -->
  <testcase name="@BeforeTest report" time="0.0" classname="testbase.testbaseforproject">
    <ignored/>
  </testcase> <!-- @BeforeTest report -->
</testsuite> <!-- TestLogin -->
